<?xml version="1.0" encoding="UTF-8"?>
<testsuite xmlns:xsi="http://www.w3.org/2001/XMLSchema-instance" xsi:noNamespaceSchemaLocation="https://maven.apache.org/surefire/maven-surefire-plugin/xsd/surefire-test-report-3.0.xsd" version="3.0" name="com.example.demo.HelloApiApplicationTests" time="5.787" tests="1" errors="0" skipped="0" failures="0">
  <properties>
[...]
</properties>
  <testcase name="contextLoads" classname="com.example.demo.HelloApiApplicationTests" time="1.773">
    <system-out><![CDATA[11:47:29.382 [main] INFO org.springframework.test.context.support.AnnotationConfigContextLoaderUtils -- Could not detect default configuration classes for test class [com.example.demo.HelloApiApplicationTests]: HelloApiApplicationTests does not declare any static, non-private, non-final, nested classes annotated with @Configuration.
11:47:29.649 [main] INFO org.springframework.boot.test.context.SpringBootTestContextBootstrapper -- Found @SpringBootConfiguration com.example.demo.HelloApiApplication for test class com.example.demo.HelloApiApplicationTests

  .   ____          _            __ _ _
 /\\ / ___'_ __ _ _(_)_ __  __ _ \ \ \ \
( ( )\___ | '_ | '_| | '_ \/ _` | \ \ \ \
 \\/  ___)| |_)| | | | | || (_| |  ) ) ) )
  '  |____| .__|_| |_|_| |_\__, | / / / /
 =========|_|==============|___/=/_/_/_/

 :: Spring Boot ::                (v3.3.3)

2024-09-09T11:47:30.544+09:00  INFO 26764 --- [hello_api] [           main] c.example.demo.HelloApiApplicationTests  : Starting HelloApiApplicationTests using Java 21.0.3 with PID 26764 (started by RJ062504 in C:\workspace\hello_api)
2024-09-09T11:47:30.549+09:00  INFO 26764 --- [hello_api] [           main] c.example.demo.HelloApiApplicationTests  : No active profile set, falling back to 1 default profile: "default"
2024-09-09T11:47:33.052+09:00  INFO 26764 --- [hello_api] [           main] c.example.demo.HelloApiApplicationTests  : Started HelloApiApplicationTests in 3.074 seconds (process running for 5.462)
]]></system-out>
    <system-err><![CDATA[WARNING: A Java agent has been loaded dynamically (C:\Users\RJ062504\.m2\repository\net\bytebuddy\byte-buddy-agent\1.14.19\byte-buddy-agent-1.14.19.jar)
WARNING: If a serviceability tool is in use, please run with -XX:+EnableDynamicAgentLoading to hide this warning
WARNING: If a serviceability tool is not in use, please run with -Djdk.instrument.traceUsage for more information
WARNING: Dynamic loading of agents will be disallowed by default in a future release
]]></system-err>
  </testcase>
</testsuite>